{"numFailedTestSuites":0,"numFailedTests":0,"numPassedTestSuites":2,"numPassedTests":5,"numPendingTestSuites":0,"numPendingTests":0,"numRuntimeErrorTestSuites":0,"numTodoTests":0,"numTotalTestSuites":2,"numTotalTests":5,"openHandles":[],"snapshot":{"added":0,"didUpdate":false,"failure":true,"filesAdded":0,"filesRemoved":0,"filesRemovedList":[],"filesUnmatched":0,"filesUpdated":0,"matched":1,"total":1,"unchecked":1,"uncheckedKeysByFile":[{"filePath":"C:\\Users\\csami\\Desktop\\classbon-project\\classbon\\src\\app\\_components\\home-hero-section\\home-hero-section.test.tsx","keys":["home hero section display the home hero section 1"]}],"unmatched":0,"updated":0},"startTime":1711527734381,"success":false,"testResults":[{"assertionResults":[{"ancestorTitles":["home hero section"],"duration":50,"failureDetails":[],"failureMessages":[],"fullName":"home hero section display the home hero section","invocations":1,"location":null,"numPassingAsserts":1,"retryReasons":[],"status":"passed","title":"display the home hero section"}],"endTime":1711527737106,"message":"","name":"C:\\Users\\csami\\Desktop\\classbon-project\\classbon\\src\\app\\_components\\home-hero-section\\home-hero-section.test.tsx","startTime":1711527735524,"status":"passed","summary":""},{"assertionResults":[{"ancestorTitles":[],"duration":43,"failureDetails":[],"failureMessages":[],"fullName":"renders a default button","invocations":1,"location":null,"numPassingAsserts":1,"retryReasons":[],"status":"passed","title":"renders a default button"},{"ancestorTitles":[],"duration":49,"failureDetails":[],"failureMessages":[],"fullName":"disables the button when isDisabled prop is true","invocations":1,"location":null,"numPassingAsserts":1,"retryReasons":[],"status":"passed","title":"disables the button when isDisabled prop is true"},{"ancestorTitles":[],"duration":33,"failureDetails":[],"failureMessages":[],"fullName":"applies the correct css class for different button variants","invocations":1,"location":null,"numPassingAsserts":2,"retryReasons":[],"status":"passed","title":"applies the correct css class for different button variants"},{"ancestorTitles":[],"duration":35,"failureDetails":[],"failureMessages":[],"fullName":"show rendered button","invocations":1,"location":null,"numPassingAsserts":0,"retryReasons":[],"status":"passed","title":"show rendered button"}],"endTime":1711527737195,"message":"","name":"C:\\Users\\csami\\Desktop\\classbon-project\\classbon\\src\\app\\_components\\button\\button.test.tsx","startTime":1711527735524,"status":"passed","summary":""}],"wasInterrupted":false}
